[2025-04-22 03:43:31] INFO: Created new enquiry ID: 9
[2025-04-22 03:43:35] INFO: Created new enquiry ID: 10
[2025-04-22 03:45:59] INFO: Created application for NRIC: T2109876H, Project: Savannah Condopark
[2025-04-22 18:56:20] INFO: Created new enquiry ID: 11
[2025-04-22 19:59:03] INFO: Created new enquiry ID: 12
[2025-04-22 19:59:34] INFO: Created application for NRIC: T2345678D, Project: Pasir Ris Park
[2025-04-22 20:00:21] INFO: Deleted enquiry ID: 12
[2025-04-22 21:24:43] INFO: Created new enquiry ID: 12
[2025-04-22 21:36:24] INFO: Created application for NRIC: T2345678D, Project: Pasir Ris Park
[2025-04-22 22:12:35] INFO: Reply sent successfully.
[2025-04-22 22:12:35] INFO: Reply sent successfully.
[2025-04-22 22:12:35] INFO: Reply sent successfully for Enquiry ID: 2
[2025-04-22 22:12:39] INFO: Viewed all enquiries.
[2025-04-22 22:13:21] INFO: Viewed all enquiries.
[2025-04-22 22:15:28] INFO: Viewed all enquiries.
[2025-04-22 22:18:55] INFO: Returning to the previous menu.
[2025-04-22 22:19:01] INFO: Manager exited the enquiry menu.
[2025-04-22 22:50:41] INFO: New project created: Sunshine Residences
[2025-04-22 22:55:25] INFO: Added Flat Type: 2-Room with 10 units at $1000000.0
[2025-04-22 22:55:41] INFO: Added Flat Type: 3-Room with 10 units at $2000000.0
[2025-04-22 22:55:46] INFO: New project created: Archipelago
[2025-04-22 22:55:47] INFO: Created new project: Archipelago
[2025-04-22 22:55:47] INFO: Project created successfully!
[2025-04-22 23:13:07] INFO: Neighborhood updated to: Simei
[2025-04-22 23:13:19] INFO: Project updated successfully!
[2025-04-22 23:21:09] INFO: Neighborhood updated to: Simei
[2025-04-22 23:21:14] INFO: Project updated successfully!
[2025-04-22 23:21:20] INFO: Project updated successfully and saved to storage.
[2025-04-22 23:25:09] INFO: Neighborhood updated to: Tampines
[2025-04-22 23:25:14] INFO: Project updated successfully!
[2025-04-22 23:25:14] INFO: Project updated successfully and saved to storage.
[2025-04-22 23:25:32] INFO: Project visibility toggled to Visible.
[2025-04-22 23:39:39] INFO: Project visibility toggled to Hidden.
[2025-04-22 23:41:46] INFO: Project visibility toggled to Hidden.
[2025-04-22 23:41:56] INFO: Project visibility toggled to Visible.
[2025-04-23 11:17:47] INFO: Added Flat Type: 2-Room with 10 units at $100000.0
[2025-04-23 11:21:40] INFO: Added Flat Type: 2-Room with 10 units at $100000.0
[2025-04-23 11:22:07] INFO: Added Flat Type: 3-Room with 10 units at $200000.0
[2025-04-23 11:23:30] INFO: Updated Flat Type: 3-ROOM
[2025-04-23 11:23:51] INFO: New project created: Carissa Park
[2025-04-23 11:23:52] INFO: Created new project: Carissa Park
[2025-04-23 11:23:52] INFO: Project created successfully!
[2025-04-23 11:25:13] INFO: Neighborhood updated to: Flora Dr
[2025-04-23 11:25:23] INFO: Project updated successfully!
[2025-04-23 11:25:23] INFO: Project updated successfully and saved to storage.
[2025-04-23 11:26:20] INFO: Project visibility toggled to Hidden.
[2025-04-23 11:26:43] INFO: Deleted project: Carissa Park
[2025-04-23 11:26:43] INFO: Project deleted successfully.
[2025-04-23 11:27:00] INFO: Returning to main menu.
[2025-04-23 11:27:07] INFO: Viewed all enquiries.
[2025-04-23 11:27:31] INFO: Viewed enquiries for Project ID: 1
[2025-04-23 11:27:49] INFO: Manager exited the enquiry menu.
